Build started 27/10/2016 19:34:45.
     1>Project "D:\Documents\CSC8501 - Advanced Programming for Games\CW2\ProgrammingCW2\ProgrammingCW2\ProgrammingCW2\ProgrammingCW2.vcxproj" on node 2 (Build target(s)).
     1>ClCompile:
         C:\Program Files (x86)\Microsoft Visual Studio 14.0\VC\bin\CL.exe /c /ZI /nologo /W3 /WX- /sdl /Od /Oy- /D _MBCS /Gm /EHsc /RTC1 /MDd /GS /fp:precise /Zc:wchar_t /Zc:forScope /Zc:inline /Fo"Debug\\" /Fd"Debug\vc140.pdb" /Gd /TP /analyze- /errorReport:prompt BST.cpp Test.cpp UI.cpp
         UI.cpp
     1>d:\documents\csc8501 - advanced programming for games\cw2\programmingcw2\programmingcw2\programmingcw2\ui.cpp(12): warning C4290: C++ exception specification ignored except to indicate a function is not __declspec(nothrow)
         Test.cpp
         BST.cpp
     1>d:\documents\csc8501 - advanced programming for games\cw2\programmingcw2\programmingcw2\programmingcw2\bst.cpp(58): warning C4018: '>=': signed/unsigned mismatch
         Generating Code...
       Link:
         C:\Program Files (x86)\Microsoft Visual Studio 14.0\VC\bin\link.exe /ERRORREPORT:PROMPT /OUT:"D:\Documents\CSC8501 - Advanced Programming for Games\CW2\ProgrammingCW2\ProgrammingCW2\Debug\ProgrammingCW2.exe" /INCREMENTAL /NOLOGO kernel32.lib user32.lib gdi32.lib winspool.lib comdlg32.lib advapi32.lib shell32.lib ole32.lib oleaut32.lib uuid.lib odbc32.lib odbccp32.lib /MANIFEST /MANIFESTUAC:"level='asInvoker' uiAccess='false'" /manifest:embed /Debug /PDB:"D:\Documents\CSC8501 - Advanced Programming for Games\CW2\ProgrammingCW2\ProgrammingCW2\Debug\ProgrammingCW2.pdb" /TLBID:1 /DYNAMICBASE /NXCOMPAT /IMPLIB:"D:\Documents\CSC8501 - Advanced Programming for Games\CW2\ProgrammingCW2\ProgrammingCW2\Debug\ProgrammingCW2.lib" /MACHINE:X86 Debug\BST.obj
         Debug\Decoder.obj
         Debug\FileIO.obj
         Debug\Test.obj
         Debug\UI.obj
         ProgrammingCW2.vcxproj -> D:\Documents\CSC8501 - Advanced Programming for Games\CW2\ProgrammingCW2\ProgrammingCW2\Debug\ProgrammingCW2.exe
     1>Done Building Project "D:\Documents\CSC8501 - Advanced Programming for Games\CW2\ProgrammingCW2\ProgrammingCW2\ProgrammingCW2\ProgrammingCW2.vcxproj" (Build target(s)).

Build succeeded.

Time Elapsed 00:00:02.13
